0 info it worked if it ends with ok
1 verbose cli [ '/home/saverio/.nvm/versions/node/v5.5.0/bin/node',
1 verbose cli   '/home/saverio/.nvm/versions/node/v5.5.0/bin/npm',
1 verbose cli   'start' ]
2 info using npm@3.3.12
3 info using node@v5.5.0
4 verbose config Skipping project config: /home/saverio/.npmrc. (matches userconfig)
5 verbose stack Error: ENOENT: no such file or directory, open '/home/saverio/package.json'
5 verbose stack     at Error (native)
6 verbose cwd /home/saverio/Stage/unicam-beacon-server
7 error Linux 3.19.0-49-generic
8 error argv "/home/saverio/.nvm/versions/node/v5.5.0/bin/node" "/home/saverio/.nvm/versions/node/v5.5.0/bin/npm" "start"
9 error node v5.5.0
10 error npm  v3.3.12
11 error path /home/saverio/package.json
12 error code ENOENT
13 error errno -2
14 error syscall open
15 error enoent ENOENT: no such file or directory, open '/home/saverio/package.json'
15 error enoent This is most likely not a problem with npm itself
15 error enoent and is related to npm not being able to find a file.
16 verbose exit [ -2, true ]
