0 info it worked if it ends with ok
1 verbose cli [ '/home/saverio/.nvm/versions/node/v0.12.6/bin/node',
1 verbose cli   '/home/saverio/.nvm/versions/node/v0.12.6/bin/npm',
1 verbose cli   'start' ]
2 info using npm@2.11.2
3 info using node@v0.12.6
4 verbose run-script [ 'prestart', 'start', 'poststart' ]
5 info prestart webserver@1.0.0
6 info start webserver@1.0.0
7 verbose unsafe-perm in lifecycle true
8 info webserver@1.0.0 Failed to exec start script
9 verbose stack Error: webserver@1.0.0 start: `node index.js`
9 verbose stack Exit status 1
9 verbose stack     at EventEmitter.<anonymous> (/home/saverio/.nvm/versions/node/v0.12.6/lib/node_modules/npm/lib/utils/lifecycle.js:213:16)
9 verbose stack     at EventEmitter.emit (events.js:110:17)
9 verbose stack     at ChildProcess.<anonymous> (/home/saverio/.nvm/versions/node/v0.12.6/lib/node_modules/npm/lib/utils/spawn.js:24:14)
9 verbose stack     at ChildProcess.emit (events.js:110:17)
9 verbose stack     at maybeClose (child_process.js:1015:16)
9 verbose stack     at Process.ChildProcess._handle.onexit (child_process.js:1087:5)
10 verbose pkgid webserver@1.0.0
11 verbose cwd /home/saverio/Stage/unicam-beacon-server/webserver
12 error Linux 3.19.0-49-generic
13 error argv "/home/saverio/.nvm/versions/node/v0.12.6/bin/node" "/home/saverio/.nvm/versions/node/v0.12.6/bin/npm" "start"
14 error node v0.12.6
15 error npm  v2.11.2
16 error code ELIFECYCLE
17 error webserver@1.0.0 start: `node index.js`
17 error Exit status 1
18 error Failed at the webserver@1.0.0 start script 'node index.js'.
18 error This is most likely a problem with the webserver package,
18 error not with npm itself.
18 error Tell the author that this fails on your system:
18 error     node index.js
18 error You can get their info via:
18 error     npm owner ls webserver
18 error There is likely additional logging output above.
19 verbose exit [ 1, true ]
